app/proguard-rules.pro
#-printmapping build/outputs/mapping/release/mapping.txt

-optimizationpasses 5          # 指定代码的压缩级别
-dontusemixedcaseclassnames   # 是否使用大小写混合
-dontpreverify           # 混淆时是否做预校验
-verbose                # 混淆时是否记录日志
-dontskipnonpubliclibraryclasses #不去忽略非公共的库类
-optimizations !code/simplification/arithmetic,!field/*,!class/merging/*  # 混淆时所采用的算法

-keep public class * extends android.app.Activity      # 保持哪些类不被混淆
-keep public class * extends android.app.Application   # 保持哪些类不被混淆
-keep public class * extends android.app.Service       # 保持哪些类不被混淆
-keep public class * extends android.content.BroadcastReceiver  # 保持哪些类不被混淆
-keep public class * extends android.content.ContentProvider    # 保持哪些类不被混淆
-keep public class * extends android.app.backup.BackupAgentHelper # 保持哪些类不被混淆
-keep public class * extends android.preference.Preference        # 保持哪些类不被混淆
-keep public class com.android.vending.licensing.ILicensingService    # 保持哪些类不被混淆

-keepclassmembers class * implements java.io.Serializable {
    static final long serialVersionUID;
    private static final java.io.ObjectStreamField[] serialPersistentFields;
    private void writeObject(java.io.ObjectOutputStream);
    private void readObject(java.io.ObjectInputStream);
    java.lang.Object writeReplace();
    java.lang.Object readResolve();
}

#项目里面包含的包也不能混淆
-keep class com.loopj.** {*;}
-dontwarn com.loopj.**

-keep class com.nostra13.** {*;}
-dontwarn com.nostra13.**

 -keep class android.** {*;}
-dontwarn android.**

##---------------Begin: proguard configuration for Gson  ----------
# Gson uses generic type information stored in a class file when working with fields. Proguard
# removes such information by default, so configure it to keep all of it.
# Gson specific classes
-keep class sun.misc.Unsafe { *; }
-keep class com.google.gson.stream.** { *; }
# Application classes that will be serialized/deserialized over Gson
-keep public class * extends android.app.Fragment
-keep public class * extends android.support.v4.**
-dontwarn android.support.v4.**
-keep class com.haokan.yitu.bean.** { *; }        # 所有的javaBean不混淆

##---------------Begin: Ormlite  ----------
-keep class com.j256.**
-keepclassmembers class com.j256.** { *; }
-keep enum com.j256.**
-keepclassmembers enum com.j256.** { *; }
-keep interface com.j256.**
-keepclassmembers interface com.j256.** { *; }
-keepclassmembers class * {
    @com.j256.ormlite.field.DatabaseField *;
}

##---------------Begin: Umeng ----------
-dontshrink
-dontoptimize
-dontwarn com.google.android.maps.**
-dontwarn android.webkit.WebView
-dontwarn com.umeng.**
-dontwarn com.tencent.weibo.sdk.**
-dontwarn com.facebook.**


-keep enum com.facebook.**
-keepattributes Exceptions,InnerClasses,Signature
-keepattributes *Annotation*
-keepattributes SourceFile,LineNumberTable

-keep public interface com.facebook.**
-keep public interface com.tencent.**
-keep public interface com.umeng.socialize.**
-keep public interface com.umeng.socialize.sensor.**
-keep public interface com.umeng.scrshot.**

-keep public class com.umeng.socialize.* {*;}
-keep public class javax.**
-keep public class android.webkit.**

-keep class com.facebook.**
-keep class com.umeng.scrshot.**
-keep public class com.tencent.** {*;}
-keep class com.umeng.socialize.sensor.**

-keep class com.tencent.mm.sdk.modelmsg.WXMediaMessage {*;}

-keep class com.tencent.mm.sdk.modelmsg.** implements com.tencent.mm.sdk.modelmsg.WXMediaMessage$IMediaObject {*;}

-keep public class com.haokan.yitu.R$*{
    public static final int *;
}

-keepclassmembers class * {
   public <init>(org.json.JSONObject);
}

-keepclasseswithmembernames class * {  # 保持 native 方法不被混淆
    native <methods>;
}

-keepclasseswithmembers class * {   # 保持自定义控件类不被混淆
    public <init>(android.content.Context, android.util.AttributeSet);
}

-keepclasseswithmembers class * {# 保持自定义控件类不被混淆
    public <init>(android.content.Context, android.util.AttributeSet, int);
}

-keepclassmembers class * extends android.app.Activity { # 保持自定义控件类不被混淆
    public void *(android.view.View);
}

-keepclassmembers enum * {     # 保持枚举 enum 类不被混淆
    public static **[] values();
    public static ** valueOf(java.lang.String);
}

-keep class * implements android.os.Parcelable { # 保持 Parcelable 不被混淆
    public static final android.os.Parcelable$Creator *;
}

#未混淆的类和成员
-printseeds seeds.txt
#列出从 apk 中删除的代码
-printusage unused.txt
#混淆前后的映射
-printmapping mapping.txt