app/seeds.txt
com.juzi.myqianghongbao.MainActivity
com.juzi.myqianghongbao.MainActivity: MainActivity()
com.juzi.myqianghongbao.MainActivity$MainFragment
com.juzi.myqianghongbao.MyAccessibilityService
com.juzi.myqianghongbao.MyAccessibilityService: MyAccessibilityService()
com.juzi.myqianghongbao.R$anim: int abc_fade_in
com.juzi.myqianghongbao.R$anim: int abc_fade_out
com.juzi.myqianghongbao.R$anim: int abc_grow_fade_in_from_bottom
com.juzi.myqianghongbao.R$anim: int abc_popup_enter
com.juzi.myqianghongbao.R$anim: int abc_popup_exit
com.juzi.myqianghongbao.R$anim: int abc_shrink_fade_out_from_bottom
com.juzi.myqianghongbao.R$anim: int abc_slide_in_bottom
com.juzi.myqianghongbao.R$anim: int abc_slide_in_top
com.juzi.myqianghongbao.R$anim: int abc_slide_out_bottom
com.juzi.myqianghongbao.R$anim: int abc_slide_out_top
com.juzi.myqianghongbao.R$array: int wechat_after_open_settings_titles
com.juzi.myqianghongbao.R$array: int wechat_after_open_settings_values
com.juzi.myqianghongbao.R$attr: int actionBarDivider
com.juzi.myqianghongbao.R$attr: int actionBarItemBackground
com.juzi.myqianghongbao.R$attr: int actionBarPopupTheme
com.juzi.myqianghongbao.R$attr: int actionBarSize
com.juzi.myqianghongbao.R$attr: int actionBarSplitStyle
com.juzi.myqianghongbao.R$attr: int actionBarStyle
com.juzi.myqianghongbao.R$attr: int actionBarTabBarStyle
com.juzi.myqianghongbao.R$attr: int actionBarTabStyle
com.juzi.myqianghongbao.R$attr: int actionBarTabTextStyle
com.juzi.myqianghongbao.R$attr: int actionBarTheme
com.juzi.myqianghongbao.R$attr: int actionBarWidgetTheme
com.juzi.myqianghongbao.R$attr: int actionButtonStyle
com.juzi.myqianghongbao.R$attr: int actionDropDownStyle
com.juzi.myqianghongbao.R$attr: int actionLayout
com.juzi.myqianghongbao.R$attr: int actionMenuTextAppearance
com.juzi.myqianghongbao.R$attr: int actionMenuTextColor
com.juzi.myqianghongbao.R$attr: int actionModeBackground
com.juzi.myqianghongbao.R$attr: int actionModeCloseButtonStyle
com.juzi.myqianghongbao.R$attr: int actionModeCloseDrawable
com.juzi.myqianghongbao.R$attr: int actionModeCopyDrawable
com.juzi.myqianghongbao.R$attr: int actionModeCutDrawable
com.juzi.myqianghongbao.R$attr: int actionModeFindDrawable
com.juzi.myqianghongbao.R$attr: int actionModePasteDrawable
com.juzi.myqianghongbao.R$attr: int actionModePopupWindowStyle
com.juzi.myqianghongbao.R$attr: int actionModeSelectAllDrawable
com.juzi.myqianghongbao.R$bool: int abc_action_bar_embed_tabs
com.juzi.myqianghongbao.R$bool: int abc_action_bar_embed_tabs_pre_jb
com.juzi.myqianghongbao.R$bool: int abc_action_bar_expanded_action_views_exclusive
com.juzi.myqianghongbao.R$bool: int abc_config_actionMenuItemAllCaps
com.juzi.myqianghongbao.R$bool: int abc_config_allowActionMenuItemTextWithIcon
com.juzi.myqianghongbao.R$bool: int abc_config_closeDialogWhenTouchOutside
com.juzi.myqianghongbao.R$bool: int abc_config_showMenuShortcutsWhenKeyboardPresent
...
android.support.v4.animation.DonutAnimatorCompatProvider$DonutFloatValueAnimator
android.support.v4.animation.DonutAnimatorCompatProvider$DonutFloatValueAnimator: java.util.List mListeners
android.support.v4.animation.DonutAnimatorCompatProvider$DonutFloatValueAnimator: java.util.List mUpdateListeners
android.support.v4.animation.DonutAnimatorCompatProvider$DonutFloatValueAnimator: android.view.View mTarget
android.support.v4.animation.DonutAnimatorCompatProvider$DonutFloatValueAnimator: long mStartTime
android.support.v4.animation.DonutAnimatorCompatProvider$DonutFloatValueAnimator: long mDuration
android.support.v4.animation.DonutAnimatorCompatProvider$DonutFloatValueAnimator: float mFraction
android.support.v4.animation.DonutAnimatorCompatProvider$DonutFloatValueAnimator: boolean mStarted
android.support.v4.animation.DonutAnimatorCompatProvider$DonutFloatValueAnimator: boolean mEnded
android.support.v4.animation.DonutAnimatorCompatProvider$DonutFloatValueAnimator: java.lang.Runnable mLoopRunnable
android.support.v4.animation.DonutAnimatorCompatProvider$DonutFloatValueAnimator: DonutAnimatorCompatProvider$DonutFloatValueAnimator()
android.support.v4.animation.DonutAnimatorCompatProvider$DonutFloatValueAnimator: void notifyUpdateListeners()
android.support.v4.animation.DonutAnimatorCompatProvider$DonutFloatValueAnimator: void setTarget(android.view.View)
android.support.v4.animation.DonutAnimatorCompatProvider$DonutFloatValueAnimator$1
android.support.v4.animation.DonutAnimatorCompatProvider$DonutFloatValueAnimator$1: android.support.v4.animation.DonutAnimatorCompatProvider$DonutFloatValueAnimator this$0
android.support.v4.animation.DonutAnimatorCompatProvider$DonutFloatValueAnimator$1: DonutAnimatorCompatProvider$DonutFloatValueAnimator$1(android.support.v4.animation.DonutAnimatorCompatProvider$DonutFloatValueAnimator)
android.support.v4.animation.DonutAnimatorCompatProvider$DonutFloatValueAnimator$1: void run()
android.support.v4.animation.HoneycombMr1AnimatorCompatProvider
android.support.v4.animation.HoneycombMr1AnimatorCompatProvider: android.animation.TimeInterpolator mDefaultInterpolator
android.support.v4.animation.HoneycombMr1AnimatorCompatProvider: HoneycombMr1AnimatorCompatProvider()
android.support.v4.animation.HoneycombMr1AnimatorCompatProvider: android.support.v4.animation.ValueAnimatorCompat emptyValueAnimator()
android.support.v4.animation.HoneycombMr1AnimatorCompatProvider: void clearInterpolator(android.view.View)
android.support.v4.animation.HoneycombMr1AnimatorCompatProvider$AnimatorListenerCompatWrapper
android.support.v4.animation.HoneycombMr1AnimatorCompatProvider$AnimatorListenerCompatWrapper: android.support.v4.animation.AnimatorListenerCompat mWrapped
android.support.v4.animation.HoneycombMr1AnimatorCompatProvider$AnimatorListenerCompatWrapper: android.support.v4.animation.ValueAnimatorCompat mValueAnimatorCompat
android.support.v4.animation.HoneycombMr1AnimatorCompatProvider$AnimatorListenerCompatWrapper: HoneycombMr1AnimatorCompatProvider$AnimatorListenerCompatWrapper(android.support.v4.animation.AnimatorListenerCompat,android.support.v4.animation.ValueAnimatorCompat)
android.support.v4.animation.HoneycombMr1AnimatorCompatProvider$AnimatorListenerCompatWrapper: void onAnimationStart(android.animation.Animator)
android.support.v4.animation.HoneycombMr1AnimatorCompatProvider$AnimatorListenerCompatWrapper: void onAnimationEnd(android.animation.Animator)
android.support.v4.animation.HoneycombMr1AnimatorCompatProvider$AnimatorListenerCompatWrapper: void onAnimationCancel(android.animation.Animator)
android.support.v4.animation.HoneycombMr1AnimatorCompatProvider$AnimatorListenerCompatWrapper: void onAnimationRepeat(android.animation.Animator)