app/mapping.txt
com.juzi.myqianghongbao.BuildConfig -> com.juzi.myqianghongbao.a:
    boolean DEBUG -> a
    java.lang.String APPLICATION_ID -> b
    java.lang.String BUILD_TYPE -> c
    java.lang.String FLAVOR -> d
    int VERSION_CODE -> e
    java.lang.String VERSION_NAME -> f
    6:6:void <init>() -> <init>
com.juzi.myqianghongbao.MainActivity -> com.juzi.myqianghongbao.MainActivity:
    android.app.Dialog mTipsDialog -> l
    java.lang.String PREFERENCE_NAME -> a
    java.lang.String KEY_PREFERENCE_ENABLE -> b
    java.lang.String KEY_PREFERENCE_KEYWORD_NOTIFY_HONGBAO -> c
    java.lang.String KEY_PREFERENCE_KEYWORD_LIAOTIAN_HONGBAO -> d
    java.lang.String KEY_PREFERENCE_KEYWORD_CHAIKAI_HONGBAO -> e
    java.lang.String ACTION_QIANGHONGBAO_SERVICE_DISCONNECT -> f
    java.lang.String ACTION_QIANGHONGBAO_SERVICE_CONNECT -> g
    java.lang.String HONGBAO_TEXT_KEY_NOTIFY -> h
    java.lang.String HONGBAO_TEXT_KEY_LIAOTIAN -> i
    java.lang.String HONGBAO_TEXT_KEY_CHAIKAI -> j
    boolean HONGBAO_ENABLE -> k
    android.content.SharedPreferences mPreferences -> m
    android.os.Handler mHandler -> n
    com.juzi.myqianghongbao.MainActivity$MainFragment mMainFragment -> o
    19:178:void <init>() -> <init>
    42:65:void onCreate(android.os.Bundle) -> onCreate
    90:94:void onDestroy() -> onDestroy
    98:111:void onResume() -> onResume
    140:165:void showOpenAccessibilityServiceDialog() -> a
    170:176:void openAccessibilityServiceSettings() -> b
    19:19:void access$000(com.juzi.myqianghongbao.MainActivity) -> a
    19:19:void access$100(com.juzi.myqianghongbao.MainActivity) -> b
    19:19:android.app.Dialog access$200(com.juzi.myqianghongbao.MainActivity) -> c
com.juzi.myqianghongbao.MainActivity$1 -> com.juzi.myqianghongbao.b:
    com.juzi.myqianghongbao.MainActivity this$0 -> a
    54:54:void <init>(com.juzi.myqianghongbao.MainActivity) -> <init>
    57:58:void onClick(android.view.View) -> onClick
com.juzi.myqianghongbao.MainActivity$2 -> com.juzi.myqianghongbao.c:
    com.juzi.myqianghongbao.MainActivity this$0 -> a
    99:99:void <init>(com.juzi.myqianghongbao.MainActivity) -> <init>
    102:109:void run() -> run
com.juzi.myqianghongbao.MainActivity$3 -> com.juzi.myqianghongbao.d:
    com.juzi.myqianghongbao.MainActivity this$0 -> a
    150:150:void <init>(com.juzi.myqianghongbao.MainActivity) -> <init>
    153:154:void onClick(android.content.DialogInterface,int) -> onClick
com.juzi.myqianghongbao.MainActivity$4 -> com.juzi.myqianghongbao.e:
    com.juzi.myqianghongbao.MainActivity this$0 -> a
    156:156:void <init>(com.juzi.myqianghongbao.MainActivity) -> <init>
    159:161:void onClick(android.content.DialogInterface,int) -> onClick
com.juzi.myqianghongbao.MainActivity$MainFragment -> com.juzi.myqianghongbao.MainActivity$MainFragment:
    android.preference.SwitchPreference mSwitchPreference -> a
    178:178:void <init>() -> <init>
    184:235:void onCreate(android.os.Bundle) -> onCreate
    238:239:void setQiangHongBaoDisable() -> a
    242:243:void setQiangHongBaoEnable() -> b
com.juzi.myqianghongbao.MainActivity$MainFragment$1 -> com.juzi.myqianghongbao.f:
    com.juzi.myqianghongbao.MainActivity$MainFragment this$0 -> a
    189:189:void <init>(com.juzi.myqianghongbao.MainActivity$MainFragment) -> <init>
    192:196:boolean onPreferenceChange(android.preference.Preference,java.lang.Object) -> onPreferenceChange
com.juzi.myqianghongbao.MainActivity$MainFragment$2 -> com.juzi.myqianghongbao.g:
    com.juzi.myqianghongbao.MainActivity$MainFragment this$0 -> a
    202:202:void <init>(com.juzi.myqianghongbao.MainActivity$MainFragment) -> <init>
    205:208:boolean onPreferenceChange(android.preference.Preference,java.lang.Object) -> onPreferenceChange
...
android.support.v4.media.session.MediaControllerCompatApi21$TransportControls -> android.support.v4.media.session.MediaControllerCompatApi21$TransportControls:
    121:121:void <init>() -> <init>
    123:124:void play(java.lang.Object) -> play
    127:128:void pause(java.lang.Object) -> pause
    131:132:void stop(java.lang.Object) -> stop
    135:136:void seekTo(java.lang.Object,long) -> seekTo
    139:140:void fastForward(java.lang.Object) -> fastForward
    143:144:void rewind(java.lang.Object) -> rewind
    147:148:void skipToNext(java.lang.Object) -> skipToNext
    151:152:void skipToPrevious(java.lang.Object) -> skipToPrevious
    155:156:void setRating(java.lang.Object,java.lang.Object) -> setRating
    159:160:void playFromMediaId(java.lang.Object,java.lang.String,android.os.Bundle) -> playFromMediaId
    163:164:void playFromSearch(java.lang.Object,java.lang.String,android.os.Bundle) -> playFromSearch
    167:168:void skipToQueueItem(java.lang.Object,long) -> skipToQueueItem
    171:172:void sendCustomAction(java.lang.Object,java.lang.String,android.os.Bundle) -> sendCustomAction
android.support.v4.media.session.MediaControllerCompatApi23 -> android.support.v4.media.session.MediaControllerCompatApi23:
    23:25:void <init>() -> <init>
android.support.v4.media.session.MediaControllerCompatApi23$TransportControls -> android.support.v4.media.session.MediaControllerCompatApi23$TransportControls:
    25:25:void <init>() -> <init>
    27:28:void playFromUri(java.lang.Object,android.net.Uri,android.os.Bundle) -> playFromUri
android.support.v4.media.session.MediaSessionCompat -> android.support.v4.media.session.MediaSessionCompat:
    android.support.v4.media.session.MediaSessionCompat$MediaSessionImpl mImpl -> mImpl
    android.support.v4.media.session.MediaControllerCompat mController -> mController
    java.util.ArrayList mActiveListeners -> mActiveListeners
    int FLAG_HANDLES_MEDIA_BUTTONS -> FLAG_HANDLES_MEDIA_BUTTONS
    int FLAG_HANDLES_TRANSPORT_CONTROLS -> FLAG_HANDLES_TRANSPORT_CONTROLS
    82:141:void <init>(android.content.Context,java.lang.String,android.content.ComponentName,android.app.PendingIntent) -> <init>
    82:146:void <init>(android.content.Context,android.support.v4.media.session.MediaSessionCompat$MediaSessionImpl) -> <init>
    156:157:void setCallback(android.support.v4.media.session.MediaSessionCompat$Callback) -> setCallback
    168:169:void setCallback(android.support.v4.media.session.MediaSessionCompat$Callback,android.os.Handler) -> setCallback
    180:181:void setSessionActivity(android.app.PendingIntent) -> setSessionActivity
    197:198:void setMediaButtonReceiver(android.app.PendingIntent) -> setMediaButtonReceiver
    206:207:void setFlags(int) -> setFlags
    220:221:void setPlaybackToLocal(int) -> setPlaybackToLocal
    239:243:void setPlaybackToRemote(android.support.v4.media.VolumeProviderCompat) -> setPlaybackToRemote
    259:263:void setActive(boolean) -> setActive
    271:271:boolean isActive() -> isActive
android.support.v4.media.session.MediaSessionCompat$1 -> android.support.v4.media.session.MediaSessionCompat$1: